18:30:50 **** Incremental Build of configuration Debug for project Arduino_Uno ****
make all 
Building file: C:/MyWorkspace/ArduinoProgram/hardware/arduino/cores/arduino/Stream.cpp
Invoking: AVR C++ Compiler
avr-g++ -I"C:\MyWorkspace\ArduinoProgram\hardware\arduino\cores\arduino" -I"C:\MyWorkspace\ArduinoProgram\hardware\arduino\variants\standard" -DUSB_PID= -DUSB_VID= -DARDUINO=105 -D_DEBUG -Wall -Os -fno-exceptions -g  -ffunction-sections  -fdata-sections -mmcu=atmega328p -DF_CPU=16000000UL -MMD -MP -MF"arduino/Stream.d" -MT"arduino/Stream.d"  -c -o "arduino/Stream.o" "C:/MyWorkspace/ArduinoProgram/hardware/arduino/cores/arduino/Stream.cpp"
Finished building: C:/MyWorkspace/ArduinoProgram/hardware/arduino/cores/arduino/Stream.cpp
 
Building target: libArduino_Uno.a
Invoking: AVR Archiver
avr-ar -r  "libArduino_Uno.a"  ./arduino/avr-libc/malloc.o ./arduino/avr-libc/realloc.o  ./arduino/CDC.o ./arduino/HID.o ./arduino/HardwareSerial.o ./arduino/IPAddress.o ./arduino/Print.o ./arduino/Stream.o ./arduino/Tone.o ./arduino/USBCore.o ./arduino/WInterrupts.o ./arduino/WMath.o ./arduino/WString.o ./arduino/main.o ./arduino/new.o ./arduino/wiring.o ./arduino/wiring_analog.o ./arduino/wiring_digital.o ./arduino/wiring_pulse.o ./arduino/wiring_shift.o  
c:\MyWorkspace\ArduinoProgram\hardware\tools\avr\bin\avr-ar.exe: creating libArduino_Uno.a
Finished building target: libArduino_Uno.a
 
Invoking: AVR Create Extended Listing
avr-objdump -h -S libArduino_Uno.a  >"libArduino_Uno.lss"
Finished building: libArduino_Uno.lss
 
Invoking: Print Size
avr-size --format=avr --mcu=atmega328p libArduino_Uno.a
AVR Memory Usage
----------------
Device: atmega328p

Program:       0 bytes (0.0% Full)
(.text + .data + .bootloader)

Data:          0 bytes (0.0% Full)
(.data + .bss + .noinit)


AVR Memory Usage
----------------
Device: atmega328p

Program:       0 bytes (0.0% Full)
(.text + .data + .bootloader)

Data:          0 bytes (0.0% Full)
(.data + .bss + .noinit)


AVR Memory Usage
----------------
Device: atmega328p

Program:       0 bytes (0.0% Full)
(.text + .data + .bootloader)

Data:          0 bytes (0.0% Full)
(.data + .bss + .noinit)


AVR Memory Usage
----------------
Device: atmega328p

Program:       0 bytes (0.0% Full)
(.text + .data + .bootloader)

Data:          0 bytes (0.0% Full)
(.data + .bss + .noinit)


AVR Memory Usage
----------------
Device: atmega328p

Program:       0 bytes (0.0% Full)
(.text + .data + .bootloader)

Data:          0 bytes (0.0% Full)
(.data + .bss + .noinit)


AVR Memory Usage
----------------
Device: atmega328p

Program:       0 bytes (0.0% Full)
(.text + .data + .bootloader)

Data:          0 bytes (0.0% Full)
(.data + .bss + .noinit)


AVR Memory Usage
----------------
Device: atmega328p

Program:      14 bytes (0.0% Full)
(.text + .data + .bootloader)

Data:         14 bytes (0.7% Full)
(.data + .bss + .noinit)


AVR Memory Usage
----------------
Device: atmega328p

Program:       1 bytes (0.0% Full)
(.text + .data + .bootloader)

Data:          1 bytes (0.0% Full)
(.data + .bss + .noinit)


AVR Memory Usage
----------------
Device: atmega328p

Program:       0 bytes (0.0% Full)
(.text + .data + .bootloader)

Data:          0 bytes (0.0% Full)
(.data + .bss + .noinit)


AVR Memory Usage
----------------
Device: atmega328p

Program:       0 bytes (0.0% Full)
(.text + .data + .bootloader)

Data:          0 bytes (0.0% Full)
(.data + .bss + .noinit)


AVR Memory Usage
----------------
Device: atmega328p

Program:       0 bytes (0.0% Full)
(.text + .data + .bootloader)

Data:          0 bytes (0.0% Full)
(.data + .bss + .noinit)


AVR Memory Usage
----------------
Device: atmega328p

Program:       0 bytes (0.0% Full)
(.text + .data + .bootloader)

Data:          0 bytes (0.0% Full)
(.data + .bss + .noinit)


AVR Memory Usage
----------------
Device: atmega328p

Program:       1 bytes (0.0% Full)
(.text + .data + .bootloader)

Data:          1 bytes (0.0% Full)
(.data + .bss + .noinit)


AVR Memory Usage
----------------
Device: atmega328p

Program:       0 bytes (0.0% Full)
(.text + .data + .bootloader)

Data:          0 bytes (0.0% Full)
(.data + .bss + .noinit)


AVR Memory Usage
----------------
Device: atmega328p

Program:       0 bytes (0.0% Full)
(.text + .data + .bootloader)

Data:          0 bytes (0.0% Full)
(.data + .bss + .noinit)


AVR Memory Usage
----------------
Device: atmega328p

Program:       0 bytes (0.0% Full)
(.text + .data + .bootloader)

Data:          0 bytes (0.0% Full)
(.data + .bss + .noinit)


AVR Memory Usage
----------------
Device: atmega328p

Program:       0 bytes (0.0% Full)
(.text + .data + .bootloader)

Data:          0 bytes (0.0% Full)
(.data + .bss + .noinit)


AVR Memory Usage
----------------
Device: atmega328p

Program:       0 bytes (0.0% Full)
(.text + .data + .bootloader)

Data:          0 bytes (0.0% Full)
(.data + .bss + .noinit)


AVR Memory Usage
----------------
Device: atmega328p

Program:       0 bytes (0.0% Full)
(.text + .data + .bootloader)

Data:          0 bytes (0.0% Full)
(.data + .bss + .noinit)


AVR Memory Usage
----------------
Device: atmega328p

Program:       0 bytes (0.0% Full)
(.text + .data + .bootloader)

Data:          0 bytes (0.0% Full)
(.data + .bss + .noinit)


Finished building: sizedummy
 

18:30:51 Build Finished (took 1s.258ms)

