2013-08-23 14:48:01,889 ERROR [Worker-5] - System.err - Aug 23, 2013 2:48:01 PM org.apache.http.impl.client.DefaultRequestDirector tryExecute
INFO: I/O exception (java.net.SocketException) caught when processing request: Socket Closed
2013-08-23 14:48:01,892 ERROR [Worker-5] - System.err - Aug 23, 2013 2:48:01 PM org.apache.http.impl.client.DefaultRequestDirector tryExecute
INFO: Retrying request
2013-08-23 14:50:56,020 ERROR [Worker-0] - System.err - Error Loading DDMS Preferences
2013-12-03 11:34:50,097 ERROR [main] - System.err - java.lang.UnsatisfiedLinkError: C:\Program Files (x86)\Arduino\rxtxSerial.dll: Can't load IA 32-bit .dll on a AMD 64-bit platform
2013-12-03 11:34:50,098 ERROR [main] - System.err - at java.lang.ClassLoader$NativeLibrary.load(Native Method)
2013-12-03 11:34:50,099 ERROR [main] - System.err - at java.lang.ClassLoader.loadLibrary1(Unknown Source)
2013-12-03 11:34:50,099 ERROR [main] - System.err - at java.lang.ClassLoader.loadLibrary0(Unknown Source)
2013-12-03 11:34:50,099 ERROR [main] - System.err - at java.lang.ClassLoader.loadLibrary(Unknown Source)
2013-12-03 11:34:50,099 ERROR [main] - System.err - at java.lang.Runtime.load0(Unknown Source)
2013-12-03 11:34:50,099 ERROR [main] - System.err - at java.lang.System.load(Unknown Source)
2013-12-03 11:34:50,099 ERROR [main] - System.err - at it.baeyens.arduino.common.Common.LoadRXTX(Common.java:537)
2013-12-03 11:34:50,099 ERROR [main] - System.err - at it.baeyens.arduino.common.Common.LoadRXTX(Common.java:528)
2013-12-03 11:34:50,099 ERROR [main] - System.err - at gnu.io.RXTXCommDriver.<clinit>(RXTXCommDriver.java:48)
2013-12-03 11:34:50,099 ERROR [main] - System.err - at java.lang.Class.forName0(Native Method)
2013-12-03 11:34:50,099 ERROR [main] - System.err - at java.lang.Class.forName(Unknown Source)
2013-12-03 11:34:50,099 ERROR [main] - System.err - at gnu.io.CommPortIdentifier.<clinit>(CommPortIdentifier.java:108)
2013-12-03 11:34:50,099 ERROR [main] - System.err - at it.baeyens.arduino.arduino.Serial.list(Serial.java:521)
2013-12-03 11:34:50,099 ERROR [main] - System.err - at it.baeyens.arduino.common.Common.listComPorts(Common.java:518)
2013-12-03 11:34:50,100 ERROR [main] - System.err - at it.baeyens.arduino.ui.ArduinoPageLayout.draw(ArduinoPageLayout.java:173)
2013-12-03 11:34:50,100 ERROR [main] - System.err - at it.baeyens.arduino.ui.ArduinoSettingsPage.createControl(ArduinoSettingsPage.java:51)
2013-12-03 11:34:50,100 ERROR [main] - System.err - at org.eclipse.jface.wizard.Wizard.createPageControls(Wizard.java:174)
2013-12-03 11:34:50,100 ERROR [main] - System.err - at org.eclipse.jface.wizard.WizardDialog.createPageControls(WizardDialog.java:736)
2013-12-03 11:34:50,100 ERROR [main] - System.err - at org.eclipse.jface.wizard.WizardDialog.setWizard(WizardDialog.java:1182)
2013-12-03 11:34:50,100 ERROR [main] - System.err - at org.eclipse.jface.wizard.WizardDialog.updateForPage(WizardDialog.java:1241)
2013-12-03 11:34:50,100 ERROR [main] - System.err - at org.eclipse.jface.wizard.WizardDialog.access$4(WizardDialog.java:1238)
2013-12-03 11:34:50,100 ERROR [main] - System.err - at org.eclipse.jface.wizard.WizardDialog$8.run(WizardDialog.java:1227)
2013-12-03 11:34:50,100 ERROR [main] - System.err - at org.eclipse.swt.custom.BusyIndicator.showWhile(BusyIndicator.java:70)
2013-12-03 11:34:50,100 ERROR [main] - System.err - at org.eclipse.jface.wizard.WizardDialog.showPage(WizardDialog.java:1225)
2013-12-03 11:34:50,100 ERROR [main] - System.err - at org.eclipse.jface.wizard.WizardDialog.nextPressed(WizardDialog.java:915)
2013-12-03 11:34:50,100 ERROR [main] - System.err - at org.eclipse.jface.wizard.WizardDialog.buttonPressed(WizardDialog.java:428)
2013-12-03 11:34:50,100 ERROR [main] - System.err - at org.eclipse.jface.dialogs.Dialog$2.widgetSelected(Dialog.java:628)
2013-12-03 11:34:50,101 ERROR [main] - System.err - at org.eclipse.swt.widgets.TypedListener.handleEvent(TypedListener.java:248)
2013-12-03 11:34:50,101 ERROR [main] - System.err - at org.eclipse.swt.widgets.EventTable.sendEvent(EventTable.java:84)
2013-12-03 11:34:50,101 ERROR [main] - System.err - at org.eclipse.swt.widgets.Widget.sendEvent(Widget.java:1057)
2013-12-03 11:34:50,101 ERROR [main] - System.err - at org.eclipse.swt.widgets.Display.runDeferredEvents(Display.java:4170)
2013-12-03 11:34:50,101 ERROR [main] - System.err - at org.eclipse.swt.widgets.Display.readAndDispatch(Display.java:3759)
2013-12-03 11:34:50,101 ERROR [main] - System.err - at org.eclipse.jface.window.Window.runEventLoop(Window.java:826)
2013-12-03 11:34:50,101 ERROR [main] - System.err - at org.eclipse.jface.window.Window.open(Window.java:802)
2013-12-03 11:34:50,101 ERROR [main] - System.err - at org.eclipse.ui.actions.NewProjectAction.run(NewProjectAction.java:117)
2013-12-03 11:34:50,101 ERROR [main] - System.err - at org.eclipse.jface.action.Action.runWithEvent(Action.java:499)
2013-12-03 11:34:50,101 ERROR [main] - System.err - at org.eclipse.jface.action.ActionContributionItem.handleWidgetSelection(ActionContributionItem.java:584)
2013-12-03 11:34:50,101 ERROR [main] - System.err - at org.eclipse.jface.action.ActionContributionItem.access$2(ActionContributionItem.java:501)
2013-12-03 11:34:50,101 ERROR [main] - System.err - at org.eclipse.jface.action.ActionContributionItem$5.handleEvent(ActionContributionItem.java:411)
2013-12-03 11:34:50,102 ERROR [main] - System.err - at org.eclipse.swt.widgets.EventTable.sendEvent(EventTable.java:84)
2013-12-03 11:34:50,102 ERROR [main] - System.err - at org.eclipse.swt.widgets.Widget.sendEvent(Widget.java:1057)
2013-12-03 11:34:50,102 ERROR [main] - System.err - at org.eclipse.swt.widgets.Display.runDeferredEvents(Display.java:4170)
2013-12-03 11:34:50,102 ERROR [main] - System.err - at org.eclipse.swt.widgets.Display.readAndDispatch(Display.java:3759)
2013-12-03 11:34:50,102 ERROR [main] - System.err - at org.eclipse.e4.ui.internal.workbench.swt.PartRenderingEngine$9.run(PartRenderingEngine.java:1113)
2013-12-03 11:34:50,102 ERROR [main] - System.err - at org.eclipse.core.databinding.observable.Realm.runWithDefault(Realm.java:332)
2013-12-03 11:34:50,102 ERROR [main] - System.err - at org.eclipse.e4.ui.internal.workbench.swt.PartRenderingEngine.run(PartRenderingEngine.java:997)
2013-12-03 11:34:50,102 ERROR [main] - System.err - at org.eclipse.e4.ui.internal.workbench.E4Workbench.createAndRunUI(E4Workbench.java:138)
2013-12-03 11:34:50,102 ERROR [main] - System.err - at org.eclipse.ui.internal.Workbench$5.run(Workbench.java:610)
2013-12-03 11:34:50,102 ERROR [main] - System.err - at org.eclipse.core.databinding.observable.Realm.runWithDefault(Realm.java:332)
2013-12-03 11:34:50,102 ERROR [main] - System.err - at org.eclipse.ui.internal.Workbench.createAndRunWorkbench(Workbench.java:567)
2013-12-03 11:34:50,102 ERROR [main] - System.err - at org.eclipse.ui.PlatformUI.createAndRunWorkbench(PlatformUI.java:150)
2013-12-03 11:34:50,102 ERROR [main] - System.err - at org.eclipse.ui.internal.ide.application.IDEApplication.start(IDEApplication.java:124)
2013-12-03 11:34:50,103 ERROR [main] - System.err - at org.eclipse.equinox.internal.app.EclipseAppHandle.run(EclipseAppHandle.java:196)
2013-12-03 11:34:50,103 ERROR [main] - System.err - at org.eclipse.core.runtime.internal.adaptor.EclipseAppLauncher.runApplication(EclipseAppLauncher.java:110)
2013-12-03 11:34:50,103 ERROR [main] - System.err - at org.eclipse.core.runtime.internal.adaptor.EclipseAppLauncher.start(EclipseAppLauncher.java:79)
2013-12-03 11:34:50,103 ERROR [main] - System.err - at org.eclipse.core.runtime.adaptor.EclipseStarter.run(EclipseStarter.java:354)
2013-12-03 11:34:50,103 ERROR [main] - System.err - at org.eclipse.core.runtime.adaptor.EclipseStarter.run(EclipseStarter.java:181)
2013-12-03 11:34:50,103 ERROR [main] - System.err - at sun.reflect.NativeMethodAccessorImpl.invoke0(Native Method)
2013-12-03 11:34:50,103 ERROR [main] - System.err - at sun.reflect.NativeMethodAccessorImpl.invoke(Unknown Source)
2013-12-03 11:34:50,103 ERROR [main] - System.err - at sun.reflect.DelegatingMethodAccessorImpl.invoke(Unknown Source)
2013-12-03 11:34:50,103 ERROR [main] - System.err - at java.lang.reflect.Method.invoke(Unknown Source)
2013-12-03 11:34:50,103 ERROR [main] - System.err - at org.eclipse.equinox.launcher.Main.invokeFramework(Main.java:636)
2013-12-03 11:34:50,103 ERROR [main] - System.err - at org.eclipse.equinox.launcher.Main.basicRun(Main.java:591)
2013-12-03 11:34:50,103 ERROR [main] - System.err - at org.eclipse.equinox.launcher.Main.run(Main.java:1450)
2013-12-03 11:34:50,104 ERROR [main] - System.err - at org.eclipse.equinox.launcher.Main.main(Main.java:1426)
2013-12-03 11:35:20,915 ERROR [ModalContext] - System.err - java.lang.UnsatisfiedLinkError: no spawner in java.library.path
2013-12-03 11:35:20,916 ERROR [ModalContext] - System.err - at java.lang.ClassLoader.loadLibrary(Unknown Source)
2013-12-03 11:35:20,916 ERROR [ModalContext] - System.err - at java.lang.Runtime.loadLibrary0(Unknown Source)
2013-12-03 11:35:20,917 ERROR [ModalContext] - System.err - at java.lang.System.loadLibrary(Unknown Source)
2013-12-03 11:35:20,917 ERROR [ModalContext] - System.err - at org.eclipse.cdt.utils.spawner.ProcessFactory.<init>(ProcessFactory.java:39)
2013-12-03 11:35:20,917 ERROR [ModalContext] - System.err - at org.eclipse.cdt.utils.spawner.ProcessFactory.getFactory(ProcessFactory.java:51)
2013-12-03 11:35:20,917 ERROR [ModalContext] - System.err - at org.eclipse.cdt.core.CommandLauncher.execute(CommandLauncher.java:194)
2013-12-03 11:35:20,917 ERROR [ModalContext] - System.err - at org.eclipse.cdt.internal.core.BuildRunnerHelper.build(BuildRunnerHelper.java:238)
2013-12-03 11:35:20,917 ERROR [ModalContext] - System.err - at org.eclipse.cdt.make.internal.core.scannerconfig2.DefaultRunSIProvider.invokeProvider(DefaultRunSIProvider.java:144)
2013-12-03 11:35:20,917 ERROR [ModalContext] - System.err - at org.eclipse.cdt.build.internal.core.scannerconfig.jobs.CfgSCJobsUtil$1.run(CfgSCJobsUtil.java:94)
2013-12-03 11:35:20,917 ERROR [ModalContext] - System.err - at org.eclipse.core.runtime.SafeRunner.run(SafeRunner.java:42)
2013-12-03 11:35:20,917 ERROR [ModalContext] - System.err - at org.eclipse.core.runtime.Platform.run(Platform.java:854)
2013-12-03 11:35:20,917 ERROR [ModalContext] - System.err - at org.eclipse.cdt.build.internal.core.scannerconfig.jobs.CfgSCJobsUtil.getProviderScannerInfo(CfgSCJobsUtil.java:105)
2013-12-03 11:35:20,917 ERROR [ModalContext] - System.err - at org.eclipse.cdt.build.core.scannerconfig.ScannerConfigBuilder.build(ScannerConfigBuilder.java:206)
2013-12-03 11:35:20,917 ERROR [ModalContext] - System.err - at org.eclipse.cdt.build.internal.core.scannerconfig.CfgDiscoveredPathManager.loadPathInfo(CfgDiscoveredPathManager.java:298)
2013-12-03 11:35:20,918 ERROR [ModalContext] - System.err - at org.eclipse.cdt.build.internal.core.scannerconfig.CfgDiscoveredPathManager.getDiscoveredInfo(CfgDiscoveredPathManager.java:177)
2013-12-03 11:35:20,918 ERROR [ModalContext] - System.err - at org.eclipse.cdt.managedbuilder.internal.dataprovider.ProfileInfoProvider.getEntryValues(ProfileInfoProvider.java:65)
2013-12-03 11:35:20,918 ERROR [ModalContext] - System.err - at org.eclipse.cdt.managedbuilder.internal.dataprovider.BuildEntryStorage.getDiscoveredEntries(BuildEntryStorage.java:200)
2013-12-03 11:35:20,918 ERROR [ModalContext] - System.err - at org.eclipse.cdt.managedbuilder.internal.dataprovider.BuildEntryStorage.putEntriesToLevel(BuildEntryStorage.java:190)
2013-12-03 11:35:20,918 ERROR [ModalContext] - System.err - at org.eclipse.cdt.core.settings.model.util.AbstractEntryStorage.initCache(AbstractEntryStorage.java:71)
2013-12-03 11:35:20,918 ERROR [ModalContext] - System.err - at org.eclipse.cdt.core.settings.model.util.AbstractEntryStorage.getEntries(AbstractEntryStorage.java:34)
2013-12-03 11:35:20,918 ERROR [ModalContext] - System.err - at org.eclipse.cdt.managedbuilder.internal.dataprovider.BuildLanguageData.getEntries(BuildLanguageData.java:161)
2013-12-03 11:35:20,918 ERROR [ModalContext] - System.err - at org.eclipse.cdt.core.settings.model.extension.impl.CDefaultLanguageData.getEntriesToCopy(CDefaultLanguageData.java:101)
2013-12-03 11:35:20,918 ERROR [ModalContext] - System.err - at org.eclipse.cdt.core.settings.model.extension.impl.CDefaultLanguageData.createStore(CDefaultLanguageData.java:92)
2013-12-03 11:35:20,918 ERROR [ModalContext] - System.err - at org.eclipse.cdt.core.settings.model.extension.impl.CDefaultLanguageData.copySettingsFrom(CDefaultLanguageData.java:85)
2013-12-03 11:35:20,918 ERROR [ModalContext] - System.err - at org.eclipse.cdt.internal.core.settings.model.CLanguageSettingCache.copySettingsFrom(CLanguageSettingCache.java:47)
2013-12-03 11:35:20,918 ERROR [ModalContext] - System.err - at org.eclipse.cdt.internal.core.settings.model.CLanguageSettingCache.<init>(CLanguageSettingCache.java:36)
2013-12-03 11:35:20,919 ERROR [ModalContext] - System.err - at org.eclipse.cdt.internal.core.settings.model.CFolderDescriptionCache.copyLanguageData(CFolderDescriptionCache.java:79)
2013-12-03 11:35:20,919 ERROR [ModalContext] - System.err - at org.eclipse.cdt.core.settings.model.extension.impl.CDefaultFolderData.copyDataFrom(CDefaultFolderData.java:56)
2013-12-03 11:35:20,919 ERROR [ModalContext] - System.err - at org.eclipse.cdt.internal.core.settings.model.CFolderDescriptionCache.<init>(CFolderDescriptionCache.java:38)
2013-12-03 11:35:20,919 ERROR [ModalContext] - System.err - at org.eclipse.cdt.internal.core.settings.model.CConfigurationDescriptionCache.copyFolderData(CConfigurationDescriptionCache.java:235)
2013-12-03 11:35:20,919 ERROR [ModalContext] - System.err - at org.eclipse.cdt.core.settings.model.extension.impl.CDefaultConfigurationData.copySettingsFrom(CDefaultConfigurationData.java:113)
2013-12-03 11:35:20,919 ERROR [ModalContext] - System.err - at org.eclipse.cdt.internal.core.settings.model.CConfigurationDescriptionCache.loadData(CConfigurationDescriptionCache.java:150)
2013-12-03 11:35:20,919 ERROR [ModalContext] - System.err - at org.eclipse.cdt.internal.core.settings.model.CProjectDescription.loadDatas(CProjectDescription.java:194)
2013-12-03 11:35:20,919 ERROR [ModalContext] - System.err - at org.eclipse.cdt.internal.core.settings.model.xml.XmlProjectDescriptionStorage.loadProjectDescription(XmlProjectDescriptionStorage.java:495)
2013-12-03 11:35:20,919 ERROR [ModalContext] - System.err - at org.eclipse.cdt.internal.core.settings.model.xml.XmlProjectDescriptionStorage.getProjectDescription(XmlProjectDescriptionStorage.java:235)
2013-12-03 11:35:20,919 ERROR [ModalContext] - System.err - at org.eclipse.cdt.internal.core.settings.model.CProjectDescriptionManager.getProjectDescriptionInternal(CProjectDescriptionManager.java:436)
2013-12-03 11:35:20,920 ERROR [ModalContext] - System.err - at org.eclipse.cdt.internal.core.settings.model.CProjectDescriptionManager.getProjectDescription(CProjectDescriptionManager.java:418)
2013-12-03 11:35:20,920 ERROR [ModalContext] - System.err - at org.eclipse.cdt.internal.core.settings.model.CProjectDescriptionManager.getProjectDescription(CProjectDescriptionManager.java:412)
2013-12-03 11:35:20,920 ERROR [ModalContext] - System.err - at org.eclipse.cdt.internal.core.settings.model.CProjectDescriptionManager.getProjectDescription(CProjectDescriptionManager.java:405)
2013-12-03 11:35:20,920 ERROR [ModalContext] - System.err - at it.baeyens.arduino.tools.ArduinoHelpers.addCodeFolder(ArduinoHelpers.java:315)
2013-12-03 11:35:20,920 ERROR [ModalContext] - System.err - at it.baeyens.arduino.tools.ArduinoHelpers.createArduino_coreProject(ArduinoHelpers.java:509)
2013-12-03 11:35:20,920 ERROR [ModalContext] - System.err - at it.baeyens.arduino.ui.NewArduinoSketchWizard.createProject(NewArduinoSketchWizard.java:166)
2013-12-03 11:35:20,920 ERROR [ModalContext] - System.err - at it.baeyens.arduino.ui.NewArduinoSketchWizard$1.execute(NewArduinoSketchWizard.java:93)
2013-12-03 11:35:20,920 ERROR [ModalContext] - System.err - at org.eclipse.ui.actions.WorkspaceModifyOperation$1.run(WorkspaceModifyOperation.java:106)
2013-12-03 11:35:20,920 ERROR [ModalContext] - System.err - at org.eclipse.core.internal.resources.Workspace.run(Workspace.java:2345)
2013-12-03 11:35:20,920 ERROR [ModalContext] - System.err - at org.eclipse.ui.actions.WorkspaceModifyOperation.run(WorkspaceModifyOperation.java:118)
2013-12-03 11:35:20,920 ERROR [ModalContext] - System.err - at org.eclipse.jface.operation.ModalContext$ModalContextThread.run(ModalContext.java:121)
