17:51:36 **** Incremental Build of configuration Debug for project ReadBP_eclipse ****
make all 
Building file: ../ReadBP_eclipse.cpp
Invoking: AVR C++ Compiler
avr-g++ -I"C:\MyWorkspace_VerCtrl\ArduinoProgram\hardware\arduino\cores\arduino" -I"C:\MyWorkspace_VerCtrl\ArduinoProgram\hardware\arduino\variants\standard" -I"C:\MyWorkspace_VerCtrl\eclipse_AVR_project\ReadBP_eclipse" -I"C:\MyWorkspace_VerCtrl\libraries\eHealth" -D__IN_ECLIPSE__=1 -DUSB_VID= -DUSB_PID= -DARDUINO=105 -D_DEBUG -Wall -Os -ffunction-sections -fdata-sections -fno-exceptions -g -mmcu=atmega328p -DF_CPU=16000000UL -MMD -MP -MF"ReadBP_eclipse.d" -MT"ReadBP_eclipse.d"  -c -o "ReadBP_eclipse.o" -x c++ "../ReadBP_eclipse.cpp"
../ReadBP_eclipse.cpp: In function 'void loop()':
../ReadBP_eclipse.cpp:15: warning: only initialized variables can be placed into program memory area
../ReadBP_eclipse.cpp:17: warning: only initialized variables can be placed into program memory area
../ReadBP_eclipse.cpp:21: warning: only initialized variables can be placed into program memory area
../ReadBP_eclipse.cpp:28: warning: only initialized variables can be placed into program memory area
../ReadBP_eclipse.cpp:30: warning: only initialized variables can be placed into program memory area
../ReadBP_eclipse.cpp:33: warning: only initialized variables can be placed into program memory area
../ReadBP_eclipse.cpp:35: warning: only initialized variables can be placed into program memory area
../ReadBP_eclipse.cpp:37: warning: only initialized variables can be placed into program memory area
../ReadBP_eclipse.cpp:39: warning: only initialized variables can be placed into program memory area
../ReadBP_eclipse.cpp:46: warning: only initialized variables can be placed into program memory area
../ReadBP_eclipse.cpp:53: warning: only initialized variables can be placed into program memory area
../ReadBP_eclipse.cpp:55: warning: only initialized variables can be placed into program memory area
../ReadBP_eclipse.cpp:57: warning: only initialized variables can be placed into program memory area
../ReadBP_eclipse.cpp:59: warning: only initialized variables can be placed into program memory area
../ReadBP_eclipse.cpp:61: warning: only initialized variables can be placed into program memory area
../ReadBP_eclipse.cpp:63: warning: only initialized variables can be placed into program memory area
Finished building: ../ReadBP_eclipse.cpp
 
Building target: ReadBP_eclipse.elf
Invoking: AVR C++ Linker
avr-gcc -Os -Wl,--gc-sections  -L"C:\MyWorkspace_VerCtrl\eclipse_AVR_project\Arduino_Uno/Debug" -mmcu=atmega328p  -o"ReadBP_eclipse.elf"  ./ReadBP_eclipse.o   -l"Arduino_Uno" -lm
c:/myworkspace_verctrl/arduinoprogram/hardware/tools/avr/bin/../lib/gcc/avr/4.3.2/../../../../avr/bin/ld.exe: crtm328p.o: No such file: No such file or directory
make: *** [ReadBP_eclipse.elf] Error 1

17:51:36 Build Finished (took 806ms)

